<?xml version="1.0" encoding="UTF-8"?>
<testsuite name="PrimeTest" tests="3" skipped="0" failures="0" errors="0" timestamp="2019-09-12T11:29:45" hostname="P016" time="0.007">
  <properties/>
  <testcase name="testNotPrime()" classname="PrimeTest" time="0.002"/>
  <testcase name="testBasic()" classname="PrimeTest" time="0.001"/>
  <testcase name="testPrime()" classname="PrimeTest" time="0.001"/>
  <system-out><![CDATA[]]></system-out>
  <system-err><![CDATA[]]></system-err>
</testsuite>
